Watching for file changes with StatReloader
Watching for file changes with StatReloader
Received POST request for booking appointment
Received data: patient_id=123456, date=2024-10-13, time=17:33, reason=Right side headache
Appointment saved successfully: Appointment for Patient 123456 on 2024-10-13 at 17:33
Received POST request for booking appointment
Received data: patient_id=123456, date=2024-10-13, time=17:40, reason=Right Side Headache
Appointment saved successfully: Appointment for Patient 123456 on 2024-10-13 at 17:40
Watching for file changes with StatReloader
Received POST request for booking appointment
Received data: patient_id=123456, date=2024-10-12, time=17:45, reason=Fever
Appointment saved successfully: Appointment for Patient 123456 on 2024-10-12 at 17:45
Watching for file changes with StatReloader
Watching for file changes with StatReloader
Received POST request for booking appointment
Received data: patient_id=123456, date=2024-10-13, time=15:06, reason=fever
Appointment saved successfully: Appointment for Patient 123456 on 2024-10-13 at 15:06
Watching for file changes with StatReloader
Received POST request for booking appointment
Received data: patient_id=123456, date=2024-10-14, time=16:11, reason=loose motion
Appointment saved successfully: Appointment for Patient 123456 on 2024-10-14 at 16:11
Watching for file changes with StatReloader
Received POST request for booking appointment
Received data: patient_id=123456, date=2024-10-14, time=17:20, reason=Fever
Appointment saved successfully: Appointment for Patient 123456 on 2024-10-14 at 17:20
C:\Users\chitr\Desktop\hms\Hospital-Management-System-HMS\members\models.py changed, reloading.
Watching for file changes with StatReloader
C:\Users\chitr\Desktop\hms\Hospital-Management-System-HMS\members\views.py changed, reloading.
Watching for file changes with StatReloader
Received POST request for booking appointment
Received data: patient_id=123456, date=2024-10-13, time=17:28, reason=fever
Error saving appointment: name 'BookAppointment' is not defined
C:\Users\chitr\Desktop\hms\Hospital-Management-System-HMS\members\views.py changed, reloading.
Watching for file changes with StatReloader
Received POST request for booking appointment
Received data: patient_id=123456, date=2024-10-13, time=17:29, reason=fever
Error saving appointment: table bookappointments has no column named created_at
C:\Users\chitr\Desktop\hms\Hospital-Management-System-HMS\members\models.py changed, reloading.
Watching for file changes with StatReloader
C:\Users\chitr\Desktop\hms\Hospital-Management-System-HMS\members\views.py changed, reloading.
Watching for file changes with StatReloader
Received POST request for booking appointment
Received data: patientid=123456, date=2024-10-16, time=17:33, issue=fever
Error saving appointment: table bookappointments has no column named patientid
C:\Users\chitr\Desktop\hms\Hospital-Management-System-HMS\members\views.py changed, reloading.
Watching for file changes with StatReloader
Received POST request for booking appointment
Received data: patientid=123456, date=2024-10-18, time=17:37, issue=fever
Error saving appointment: table bookappointments has no column named patientid
Watching for file changes with StatReloader
Not Found: /favicon.ico
Received POST request for booking appointment
Received data: patientid=123456, date=2024-10-25, time=10:13, issue=fever
Error saving appointment: table bookappointments has no column named patientid
C:\Users\chitr\Desktop\hms\Hospital-Management-System-HMS\members\models.py changed, reloading.
Watching for file changes with StatReloader
C:\Users\chitr\Desktop\hms\Hospital-Management-System-HMS\members\views.py changed, reloading.
Watching for file changes with StatReloader
Received POST request for booking appointment
Received data: patient_id=123456, date=2024-10-31, time=10:17, issue=Headache
Error saving appointment: no such column: issue
C:\Users\chitr\Desktop\hms\Hospital-Management-System-HMS\members\models.py changed, reloading.
Watching for file changes with StatReloader
C:\Users\chitr\Desktop\hms\Hospital-Management-System-HMS\members\views.py changed, reloading.
Watching for file changes with StatReloader
Received POST request for booking appointment
Received data: patient_id=123456, date=2024-10-22, time=10:22, issue=fever
Error saving appointment: no such column: issue
C:\Users\chitr\Desktop\hms\Hospital-Management-System-HMS\members\views.py changed, reloading.
Watching for file changes with StatReloader
C:\Users\chitr\Desktop\hms\Hospital-Management-System-HMS\members\models.py changed, reloading.
Watching for file changes with StatReloader
Received POST request for booking appointment
Received data: patient_id=123456, date=2024-10-19, time=10:25, reason=fever
Error saving appointment: no such column: issue
C:\Users\chitr\Desktop\hms\Hospital-Management-System-HMS\Hms\settings.py changed, reloading.
Watching for file changes with StatReloader
Received POST request for booking appointment
Received data: patient_id=123456, date=2024-10-31, time=10:28, reason=Regular checkup
Error saving appointment: no such column: issue
Watching for file changes with StatReloader
Received POST request for booking appointment
Received data: patient_id=123456, date=2024-10-14, time=10:34, reason=Checkup
Appointment saved successfully: Appointment for Patient 123456 on 2024-10-14 at 10:34
